\BOOKMARK [0][-]{chapter.listoftables.1}{Introdu\347\343o}{}% 1
\BOOKMARK [1][-]{section.listoftables.1.1}{Considera\347\365es\040Iniciais}{chapter.listoftables.1}% 2
\BOOKMARK [2][-]{subsection.listoftables.1.1.1}{Aspectos\040qualitativos\040em\040rob\363tica\040m\363vel\040}{section.listoftables.1.1}% 3
\BOOKMARK [1][-]{section.listoftables.1.2}{Objetivos}{chapter.listoftables.1}% 4
\BOOKMARK [2][-]{subsection.listoftables.1.2.1}{Objetivo\040Geral}{section.listoftables.1.2}% 5
\BOOKMARK [2][-]{subsection.listoftables.1.2.2}{Objetivos\040Espec\355ficos}{section.listoftables.1.2}% 6
\BOOKMARK [1][-]{section.listoftables.1.3}{Motiva\347\343o\040e\040justificativa}{chapter.listoftables.1}% 7
\BOOKMARK [1][-]{section.listoftables.1.4}{Estrutura}{chapter.listoftables.1}% 8
\BOOKMARK [0][-]{chapter.listoftables.2}{Referencial\040Te\363rico\040}{}% 9
\BOOKMARK [1][-]{section.listoftables.2.1}{Arquitetura\040baseada\040em\040comportamento}{chapter.listoftables.2}% 10
\BOOKMARK [2][-]{subsection.listoftables.2.1.1}{Comportamentos\040como\040campos\040potenciais}{section.listoftables.2.1}% 11
\BOOKMARK [1][-]{section.listoftables.2.2}{Modelagem}{chapter.listoftables.2}% 12
\BOOKMARK [2][-]{subsection.listoftables.2.2.1}{Modelo\040cinem\341tico\040do\040uniciclo}{section.listoftables.2.2}% 13
\BOOKMARK [2][-]{subsection.listoftables.2.2.2}{Modelo\040cinem\341tico\040do\040rob\364\040m\363vel\040de\040acionamento\040diferencial}{section.listoftables.2.2}% 14
\BOOKMARK [1][-]{section.listoftables.2.3}{Considera\347\365es\040para\040o\040controle\040de\040rob\364s\040m\363veis}{chapter.listoftables.2}% 15
\BOOKMARK [1][-]{section.listoftables.2.4}{Sistemas\040a\040eventos\040discretos}{chapter.listoftables.2}% 16
\BOOKMARK [2][-]{subsection.listoftables.2.4.1}{Aut\364matos\040temporizados\040com\040guardas}{section.listoftables.2.4}% 17
\BOOKMARK [1][-]{section.listoftables.2.5}{Sistemas\040h\355bridos\040}{chapter.listoftables.2}% 18
\BOOKMARK [1][-]{section.listoftables.2.6}{Controlador\040PID}{chapter.listoftables.2}% 19
\BOOKMARK [1][-]{section.listoftables.2.7}{L\363gica\040Fuzzy\040em\040Controle}{chapter.listoftables.2}% 20
\BOOKMARK [2][-]{subsection.listoftables.2.7.1}{Conjuntos\040Fuzzy}{section.listoftables.2.7}% 21
\BOOKMARK [2][-]{subsection.listoftables.2.7.2}{Componentes\040de\040um\040Sistema\040Fuzzy}{section.listoftables.2.7}% 22
\BOOKMARK [3][-]{subsubsection.listoftables.2.7.2.1}{Fuzzifica\347\343o}{subsection.listoftables.2.7.2}% 23
\BOOKMARK [3][-]{subsubsection.listoftables.2.7.2.2}{Mecanismo\040de\040Infer\352ncia}{subsection.listoftables.2.7.2}% 24
\BOOKMARK [3][-]{subsubsection.listoftables.2.7.2.3}{Defuzzifica\347\343o}{subsection.listoftables.2.7.2}% 25
\BOOKMARK [1][-]{section.listoftables.2.8}{Odometria\040}{chapter.listoftables.2}% 26
\BOOKMARK [0][-]{chapter.listoftables.3}{Materiais\040e\040Ambiente\040de\040Simula\347\343o}{}% 27
\BOOKMARK [1][-]{section.listoftables.3.1}{Componentes}{chapter.listoftables.3}% 28
\BOOKMARK [1][-]{section.listoftables.3.2}{Montagem\040F\355sica}{chapter.listoftables.3}% 29
\BOOKMARK [2][-]{subsection.listoftables.3.2.1}{Especifica\347\365es}{section.listoftables.3.2}% 30
\BOOKMARK [2][-]{subsection.listoftables.3.2.2}{Curvas\040dos\040motores}{section.listoftables.3.2}% 31
\BOOKMARK [1][-]{section.listoftables.3.3}{O\040simulador\040Simiam}{chapter.listoftables.3}% 32
\BOOKMARK [2][-]{subsection.listoftables.3.3.1}{Pacote\040``ui''}{section.listoftables.3.3}% 33
\BOOKMARK [2][-]{subsection.listoftables.3.3.2}{Pacote\040``simulator''}{section.listoftables.3.3}% 34
\BOOKMARK [2][-]{subsection.listoftables.3.3.3}{Pacote\040``robot''}{section.listoftables.3.3}% 35
\BOOKMARK [2][-]{subsection.listoftables.3.3.4}{Pacote\040``controller''}{section.listoftables.3.3}% 36
\BOOKMARK [0][-]{chapter.listoftables.4}{Desenvolvimento\040}{}% 37
\BOOKMARK [1][-]{section.listoftables.4.1}{Desenvolvimento\040dos\040controladores}{chapter.listoftables.4}% 38
\BOOKMARK [2][-]{subsection.listoftables.4.1.1}{Controle\040de\040sistema\040h\355brido}{section.listoftables.4.1}% 39
\BOOKMARK [3][-]{subsubsection.listoftables.4.1.1.1}{Comportamento\040``Ir\040Para\040Objetivo''\040}{subsection.listoftables.4.1.1}% 40
\BOOKMARK [3][-]{subsubsection.listoftables.4.1.1.2}{Comportamento\040``Evitar\040Obst\341culo''}{subsection.listoftables.4.1.1}% 41
\BOOKMARK [3][-]{subsubsection.listoftables.4.1.1.3}{Comportamento\040mesclado\040``Ir\040Para\040Objetivo\040e\040Evitar\040Obst\341culo''}{subsection.listoftables.4.1.1}% 42
\BOOKMARK [3][-]{subsubsection.listoftables.4.1.1.4}{M\355nimos\040locais}{subsection.listoftables.4.1.1}% 43
\BOOKMARK [3][-]{subsubsection.listoftables.4.1.1.5}{Comportamento\040``Seguir\040parede''}{subsection.listoftables.4.1.1}% 44
\BOOKMARK [3][-]{subsubsection.listoftables.4.1.1.6}{O\040aut\364mato\040para\040arbitragem\040de\040comportamentos}{subsection.listoftables.4.1.1}% 45
\BOOKMARK [2][-]{subsection.listoftables.4.1.2}{Controle\040Fuzzy}{section.listoftables.4.1}% 46
\BOOKMARK [3][-]{subsubsection.listoftables.4.1.2.1}{Comportamento\040``Ir\040Para\040Objetivo''}{subsection.listoftables.4.1.2}% 47
\BOOKMARK [3][-]{subsubsection.listoftables.4.1.2.2}{Comportamento\040``Evitar\040Obst\341culo''}{subsection.listoftables.4.1.2}% 48
\BOOKMARK [3][-]{subsubsection.listoftables.4.1.2.3}{Comportamento\040``Seguir\040parede''}{subsection.listoftables.4.1.2}% 49
\BOOKMARK [3][-]{subsubsection.listoftables.4.1.2.4}{A\040estrat\351gia\040para\040fus\343o\040de\040comportamentos}{subsection.listoftables.4.1.2}% 50
\BOOKMARK [3][-]{subsubsection.listoftables.4.1.2.5}{Controlador\040Fuzzy\040para\040``Seguir\040Recomenda\347\343o''}{subsection.listoftables.4.1.2}% 51
\BOOKMARK [1][-]{section.listoftables.4.2}{Implementa\347\343o\040do\040circuito\040e\040sistema\040embarcado}{chapter.listoftables.4}% 52
\BOOKMARK [2][-]{subsection.listoftables.4.2.1}{Considera\347\365es\040pr\341ticas,\040limita\347\365es\040do\040modelo\040e\040da\040simula\347\343o}{section.listoftables.4.2}% 53
\BOOKMARK [2][-]{subsection.listoftables.4.2.2}{Circuito\040El\351trico}{section.listoftables.4.2}% 54
\BOOKMARK [2][-]{subsection.listoftables.4.2.3}{Configura\347\343o\040de\040portas\040no\040microcontrolador}{section.listoftables.4.2}% 55
\BOOKMARK [2][-]{subsection.listoftables.4.2.4}{Projeto\040da\040placa}{section.listoftables.4.2}% 56
\BOOKMARK [2][-]{subsection.listoftables.4.2.5}{Esquema\040l\363gico\040do\040sistema\040embarcado}{section.listoftables.4.2}% 57
\BOOKMARK [1][-]{section.listoftables.4.3}{Simula\347\343o}{chapter.listoftables.4}% 58
\BOOKMARK [2][-]{subsection.listoftables.4.3.1}{Utilizando\040controlador\040H\355brido}{section.listoftables.4.3}% 59
\BOOKMARK [2][-]{subsection.listoftables.4.3.2}{Utilizando\040controlador\040Fuzzy}{section.listoftables.4.3}% 60
\BOOKMARK [1][-]{section.listoftables.4.4}{Resultado\040e\040Discuss\343o}{chapter.listoftables.4}% 61
\BOOKMARK [2][-]{subsection.listoftables.4.4.1}{Resultado\040para\040controlador\040h\355brido}{section.listoftables.4.4}% 62
\BOOKMARK [3][-]{subsubsection.listoftables.4.4.1.1}{Comportamento\040Ir\040Para\040Objetivo}{subsection.listoftables.4.4.1}% 63
\BOOKMARK [3][-]{subsubsection.listoftables.4.4.1.2}{Comportamento\040Evitar\040Obst\341culo}{subsection.listoftables.4.4.1}% 64
\BOOKMARK [3][-]{subsubsection.listoftables.4.4.1.3}{Comportamento\040Mesclado}{subsection.listoftables.4.4.1}% 65
\BOOKMARK [3][-]{subsubsection.listoftables.4.4.1.4}{Comportamento\040Seguir\040Parede}{subsection.listoftables.4.4.1}% 66
\BOOKMARK [3][-]{subsubsection.listoftables.4.4.1.5}{Controlador\040Final\040com\040arbitragem}{subsection.listoftables.4.4.1}% 67
\BOOKMARK [2][-]{subsection.listoftables.4.4.2}{Resultado\040para\040controlador\040fuzzy}{section.listoftables.4.4}% 68
\BOOKMARK [0][-]{chapter.listoftables.5}{Conclus\365es\040e\040Trabalhos\040Futuros}{}% 69
\BOOKMARK [0][-]{chapter.listoftables.5}{REFER\312NCIAS}{}% 70
